[W 2022-07-26 12:02:19.604 LabApp] 'port' has moved from NotebookApp to ServerApp. This config will be passed to ServerApp. Be sure to update your config before our next release.
[W 2022-07-26 12:02:19.604 LabApp] 'allow_root' has moved from NotebookApp to ServerApp. This config will be passed to ServerApp. Be sure to update your config before our next release.
[W 2022-07-26 12:02:19.605 LabApp] 'allow_root' has moved from NotebookApp to ServerApp. This config will be passed to ServerApp. Be sure to update your config before our next release.
[W 2022-07-26 12:02:19.605 LabApp] 'password' has moved from NotebookApp to ServerApp. This config will be passed to ServerApp. Be sure to update your config before our next release.
[W 2022-07-26 12:02:19.605 LabApp] 'password' has moved from NotebookApp to ServerApp. This config will be passed to ServerApp. Be sure to update your config before our next release.
[I 2022-07-26 12:02:19.622 LabApp] JupyterLab extension loaded from /home/sabbir_j/anaconda3/envs/bnlp_env/lib/python3.8/site-packages/jupyterlab
[I 2022-07-26 12:02:19.622 LabApp] JupyterLab application directory is /home/sabbir_j/anaconda3/envs/bnlp_env/share/jupyter/lab
[I 12:02:19.631 NotebookApp] Serving notebooks from local directory: /home/ansari/codes/spellchecker/bart/codes
[I 12:02:19.631 NotebookApp] Jupyter Notebook 6.4.4 is running at:
[I 12:02:19.631 NotebookApp] http://localhost:8888/
[I 12:02:19.631 NotebookApp] Use Control-C to stop this server and shut down all kernels (twice to skip confirmation).
[I 14:42:34.172 NotebookApp] 302 GET / (127.0.0.1) 0.620000ms
[I 14:42:34.184 NotebookApp] 302 GET /tree? (127.0.0.1) 0.750000ms
[I 14:42:37.472 NotebookApp] 302 POST /login?next=%2Ftree%3F (127.0.0.1) 313.800000ms
/home/sabbir_j/anaconda3/envs/bnlp_env/lib/python3.8/json/encoder.py:257: UserWarning: date_default is deprecated since jupyter_client 7.0.0. Use jupyter_client.jsonutil.json_default.
  return _iterencode(o, 0)
[W 14:42:49.349 NotebookApp] Notebook model_analysis.ipynb is not trusted
Exception in callback <TaskWakeupMethWrapper object at 0x7fc3a88a1910>(<Future finished result=None>)
handle: <Handle <TaskWakeupMethWrapper object at 0x7fc3a88a1910>(<Future finished result=None>)>
Traceback (most recent call last):
  File "/home/sabbir_j/anaconda3/envs/bnlp_env/lib/python3.8/asyncio/events.py", line 81, in _run
    self._context.run(self._callback, *self._args)
RuntimeError: Cannot enter into task <Task pending name='Task-10' coro=<HTTP1ServerConnection._server_request_loop() running at /home/sabbir_j/anaconda3/envs/bnlp_env/lib/python3.8/site-packages/tornado/http1connection.py:823> wait_for=<Future finished result=None> cb=[IOLoop.add_future.<locals>.<lambda>() at /home/sabbir_j/anaconda3/envs/bnlp_env/lib/python3.8/site-packages/tornado/ioloop.py:688]> while another task <Task pending name='Task-58' coro=<MappingKernelManager.start_kernel() running at /home/sabbir_j/anaconda3/envs/bnlp_env/lib/python3.8/site-packages/notebook/services/kernels/kernelmanager.py:176> cb=[IOLoop.add_future.<locals>.<lambda>() at /home/sabbir_j/anaconda3/envs/bnlp_env/lib/python3.8/site-packages/tornado/ioloop.py:688]> is being executed.
Exception in callback <TaskWakeupMethWrapper object at 0x7fc3a87e9970>(<Future finis...f84"\r\n\r\n'>)
handle: <Handle <TaskWakeupMethWrapper object at 0x7fc3a87e9970>(<Future finis...f84"\r\n\r\n'>)>
Traceback (most recent call last):
  File "/home/sabbir_j/anaconda3/envs/bnlp_env/lib/python3.8/asyncio/events.py", line 81, in _run
    self._context.run(self._callback, *self._args)
RuntimeError: Cannot enter into task <Task pending name='Task-8' coro=<HTTP1ServerConnection._server_request_loop() running at /home/sabbir_j/anaconda3/envs/bnlp_env/lib/python3.8/site-packages/tornado/http1connection.py:823> wait_for=<Future finished result=b'GET /kernel...1f84"\r\n\r\n'> cb=[IOLoop.add_future.<locals>.<lambda>() at /home/sabbir_j/anaconda3/envs/bnlp_env/lib/python3.8/site-packages/tornado/ioloop.py:688]> while another task <Task pending name='Task-1' coro=<MultiKernelManager._async_start_kernel() running at /home/sabbir_j/anaconda3/envs/bnlp_env/lib/python3.8/site-packages/jupyter_client/multikernelmanager.py:186>> is being executed.
[I 14:42:49.764 NotebookApp] Kernel started: b6e1a945-d6bf-44c5-870b-cdcd1df200df, name: python3
[IPKernelApp] ERROR | No such comm target registered: jupyter.widget.control
[IPKernelApp] WARNING | No such comm: 56015c87-49f9-45b1-8e7a-0951c07cb5b4
/home/sabbir_j/anaconda3/envs/bnlp_env/lib/python3.8/json/encoder.py:257: UserWarning: date_default is deprecated since jupyter_client 7.0.0. Use jupyter_client.jsonutil.json_default.
  return _iterencode(o, 0)
[I 14:46:50.013 NotebookApp] Saving file at /model_analysis.ipynb
[W 14:46:50.014 NotebookApp] Notebook model_analysis.ipynb is not trusted
[W 14:50:50.390 NotebookApp] WebSocket ping timeout after 119996 ms.
[I 14:50:55.394 NotebookApp] Starting buffering for b6e1a945-d6bf-44c5-870b-cdcd1df200df:bb8898a8176041dba75b32fc3e505464
[W 14:52:04.609 NotebookApp] Notebook model_analysis.ipynb is not trusted
[I 14:54:04.851 NotebookApp] Saving file at /model_analysis.ipynb
[W 14:54:04.851 NotebookApp] Notebook model_analysis.ipynb is not trusted
[I 14:56:04.868 NotebookApp] Saving file at /model_analysis.ipynb
[W 14:56:04.869 NotebookApp] Notebook model_analysis.ipynb is not trusted
[I 14:58:04.820 NotebookApp] Saving file at /model_analysis.ipynb
[W 14:58:04.820 NotebookApp] Notebook model_analysis.ipynb is not trusted
[I 15:00:04.818 NotebookApp] Saving file at /model_analysis.ipynb
[W 15:00:04.818 NotebookApp] Notebook model_analysis.ipynb is not trusted
[I 15:02:04.996 NotebookApp] Saving file at /model_analysis.ipynb
[W 15:02:04.996 NotebookApp] Notebook model_analysis.ipynb is not trusted
[I 15:24:04.808 NotebookApp] Saving file at /model_analysis.ipynb
[W 15:24:04.809 NotebookApp] Notebook model_analysis.ipynb is not trusted
[I 15:58:04.962 NotebookApp] Saving file at /model_analysis.ipynb
[W 15:58:04.963 NotebookApp] Notebook model_analysis.ipynb is not trusted
[I 16:00:04.968 NotebookApp] Saving file at /model_analysis.ipynb
[W 16:00:04.969 NotebookApp] Notebook model_analysis.ipynb is not trusted
[I 16:04:04.959 NotebookApp] Saving file at /model_analysis.ipynb
[W 16:04:04.959 NotebookApp] Notebook model_analysis.ipynb is not trusted
[I 16:16:04.960 NotebookApp] Saving file at /model_analysis.ipynb
[W 16:16:04.961 NotebookApp] Notebook model_analysis.ipynb is not trusted
[I 16:50:28.084 NotebookApp] Starting buffering for b6e1a945-d6bf-44c5-870b-cdcd1df200df:cfb6ef52a6b24161a133e7522468e073
[I 13:42:08.977 NotebookApp] 302 GET / (127.0.0.1) 1.540000ms
[W 13:42:16.564 NotebookApp] Notebook model_analysis.ipynb is not trusted
[I 13:52:16.917 NotebookApp] Saving file at /model_analysis.ipynb
[W 13:52:16.917 NotebookApp] Notebook model_analysis.ipynb is not trusted
[I 13:54:17.242 NotebookApp] Saving file at /model_analysis.ipynb
[W 13:54:17.242 NotebookApp] Notebook model_analysis.ipynb is not trusted
[I 13:56:17.242 NotebookApp] Saving file at /model_analysis.ipynb
[W 13:56:17.243 NotebookApp] Notebook model_analysis.ipynb is not trusted
[I 14:46:16.927 NotebookApp] Saving file at /model_analysis.ipynb
[W 14:46:16.928 NotebookApp] Notebook model_analysis.ipynb is not trusted
[I 14:48:17.210 NotebookApp] Saving file at /model_analysis.ipynb
[W 14:48:17.210 NotebookApp] Notebook model_analysis.ipynb is not trusted
[I 16:26:16.858 NotebookApp] Saving file at /model_analysis.ipynb
[W 16:26:16.859 NotebookApp] Notebook model_analysis.ipynb is not trusted
[I 16:28:17.179 NotebookApp] Saving file at /model_analysis.ipynb
[W 16:52:16.917 NotebookApp] WebSocket ping timeout after 119994 ms.
[I 16:52:21.922 NotebookApp] Starting buffering for b6e1a945-d6bf-44c5-870b-cdcd1df200df:9f51c6f5a1004fbe8292bb6632278e15
[I 18:55:36.183 NotebookApp] 302 GET / (127.0.0.1) 1.870000ms
[I 18:55:36.193 NotebookApp] 302 GET /tree? (127.0.0.1) 1.380000ms
[I 18:55:39.366 NotebookApp] 302 POST /login?next=%2Ftree%3F (127.0.0.1) 498.060000ms
[W 18:55:50.086 NotebookApp] Notebook model_analysis.ipynb is not trusted
[I 18:57:50.936 NotebookApp] Saving file at /model_analysis.ipynb
[W 18:57:50.937 NotebookApp] Notebook model_analysis.ipynb is not trusted
[I 18:59:50.348 NotebookApp] Saving file at /model_analysis.ipynb
[I 19:01:50.334 NotebookApp] Saving file at /model_analysis.ipynb
[I 19:03:50.907 NotebookApp] Saving file at /model_analysis.ipynb
[I 19:42:20.995 NotebookApp] Starting buffering for b6e1a945-d6bf-44c5-870b-cdcd1df200df:b68c0626cb3547b883ccce8e9e63d158
[I 08:38:19.738 NotebookApp] 302 GET / (127.0.0.1) 18.370000ms
[I 08:38:19.956 NotebookApp] 302 GET /tree? (127.0.0.1) 1.540000ms
[I 08:40:11.547 NotebookApp] 302 POST /login?next=%2Ftree%3F (127.0.0.1) 189.730000ms
[I 08:42:20.592 NotebookApp] Saving file at /model_analysis.ipynb
[I 08:44:20.592 NotebookApp] Saving file at /model_analysis.ipynb
[I 08:46:20.600 NotebookApp] Saving file at /model_analysis.ipynb
[I 08:48:21.179 NotebookApp] Saving file at /model_analysis.ipynb
[I 08:50:20.631 NotebookApp] Saving file at /model_analysis.ipynb
[I 08:54:00.547 NotebookApp] Starting buffering for b6e1a945-d6bf-44c5-870b-cdcd1df200df:c1e2f36e70f6462f8af6ef10c503736f
[I 09:07:36.343 NotebookApp] 302 GET / (127.0.0.1) 0.800000ms
[W 09:10:01.970 NotebookApp] Notebook model_analysis.ipynb is not trusted
[I 09:12:02.472 NotebookApp] Saving file at /model_analysis.ipynb
[W 09:12:02.473 NotebookApp] Notebook model_analysis.ipynb is not trusted
[I 09:14:02.482 NotebookApp] Saving file at /model_analysis.ipynb
[W 09:14:02.483 NotebookApp] Notebook model_analysis.ipynb is not trusted
[I 09:16:02.500 NotebookApp] Saving file at /model_analysis.ipynb
[W 09:16:02.501 NotebookApp] Notebook model_analysis.ipynb is not trusted
[I 09:18:03.240 NotebookApp] Saving file at /model_analysis.ipynb
[W 09:18:03.240 NotebookApp] Notebook model_analysis.ipynb is not trusted
[I 09:22:02.473 NotebookApp] Saving file at /model_analysis.ipynb
[W 09:22:02.474 NotebookApp] Notebook model_analysis.ipynb is not trusted
[I 10:50:03.282 NotebookApp] Saving file at /model_analysis.ipynb
[W 10:50:03.283 NotebookApp] Notebook model_analysis.ipynb is not trusted
[I 10:58:02.928 NotebookApp] Saving file at /model_analysis.ipynb
[W 10:58:02.929 NotebookApp] Notebook model_analysis.ipynb is not trusted
[I 11:02:03.368 NotebookApp] Saving file at /model_analysis.ipynb
[W 11:02:03.369 NotebookApp] Notebook model_analysis.ipynb is not trusted
[I 11:04:03.237 NotebookApp] Saving file at /model_analysis.ipynb
[W 11:04:03.238 NotebookApp] Notebook model_analysis.ipynb is not trusted
[I 11:10:03.285 NotebookApp] Saving file at /model_analysis.ipynb
[W 11:10:03.285 NotebookApp] Notebook model_analysis.ipynb is not trusted
[I 11:14:02.489 NotebookApp] Saving file at /model_analysis.ipynb
[W 11:14:02.489 NotebookApp] Notebook model_analysis.ipynb is not trusted
[W 11:30:56.088 NotebookApp] Notebook dataloading.ipynb is not trusted
[I 11:30:56.749 NotebookApp] Kernel started: 09b32ab1-ce19-44c6-8710-cb39c70f6894, name: python3
[I 11:32:56.695 NotebookApp] Saving file at /dataloading.ipynb
[W 11:32:56.695 NotebookApp] Notebook dataloading.ipynb is not trusted
[I 11:36:56.675 NotebookApp] Saving file at /dataloading.ipynb
[W 11:36:56.676 NotebookApp] Notebook dataloading.ipynb is not trusted
[I 11:38:57.240 NotebookApp] Saving file at /dataloading.ipynb
[W 11:38:57.241 NotebookApp] Notebook dataloading.ipynb is not trusted
[I 11:43:44.561 NotebookApp] Kernel shutdown: 09b32ab1-ce19-44c6-8710-cb39c70f6894
[I 11:43:44.562 NotebookApp] Kernel shutdown: b6e1a945-d6bf-44c5-870b-cdcd1df200df
[I 11:43:44.651 NotebookApp] Starting buffering for b6e1a945-d6bf-44c5-870b-cdcd1df200df:f1b9d79f747640cf9fe66e2104127b7d
[I 11:43:44.678 NotebookApp] Kernel shutdown: b6e1a945-d6bf-44c5-870b-cdcd1df200df
[I 11:43:47.974 NotebookApp] Starting buffering for 09b32ab1-ce19-44c6-8710-cb39c70f6894:2587ea2fe09a409688c08128cec7ed28
[I 11:43:47.981 NotebookApp] Kernel shutdown: 09b32ab1-ce19-44c6-8710-cb39c70f6894
[W 11:46:32.445 NotebookApp] Notebook dataloading.ipynb is not trusted
[I 11:46:33.107 NotebookApp] Kernel started: 4242482d-fd26-4366-bed3-488e39b17ec8, name: python3
[IPKernelApp] ERROR | No such comm target registered: jupyter.widget.control
[IPKernelApp] WARNING | No such comm: cc53c1bb-1bdb-4289-8a73-1c96b84a37f7
[I 11:48:33.316 NotebookApp] Saving file at /dataloading.ipynb
[W 11:48:33.317 NotebookApp] Notebook dataloading.ipynb is not trusted
[I 11:50:33.380 NotebookApp] Saving file at /dataloading.ipynb
[W 11:50:33.381 NotebookApp] Notebook dataloading.ipynb is not trusted
[I 12:04:33.605 NotebookApp] Saving file at /dataloading.ipynb
[W 12:04:33.606 NotebookApp] Notebook dataloading.ipynb is not trusted
[I 12:06:34.270 NotebookApp] Saving file at /dataloading.ipynb
[W 12:06:34.270 NotebookApp] Notebook dataloading.ipynb is not trusted
[W 12:07:18.805 NotebookApp] IOPub data rate exceeded.
    The notebook server will temporarily stop sending output
    to the client in order to avoid crashing it.
    To change this limit, set the config variable
    `--NotebookApp.iopub_data_rate_limit`.
    
    Current values:
    NotebookApp.iopub_data_rate_limit=1000000.0 (bytes/sec)
    NotebookApp.rate_limit_window=3.0 (secs)
    
[W 12:07:20.885 NotebookApp] iopub messages resumed
[W 12:07:21.729 NotebookApp] IOPub data rate exceeded.
    The notebook server will temporarily stop sending output
    to the client in order to avoid crashing it.
    To change this limit, set the config variable
    `--NotebookApp.iopub_data_rate_limit`.
    
    Current values:
    NotebookApp.iopub_data_rate_limit=1000000.0 (bytes/sec)
    NotebookApp.rate_limit_window=3.0 (secs)
    
[W 12:07:24.197 NotebookApp] iopub messages resumed
[W 12:07:24.864 NotebookApp] IOPub data rate exceeded.
    The notebook server will temporarily stop sending output
    to the client in order to avoid crashing it.
    To change this limit, set the config variable
    `--NotebookApp.iopub_data_rate_limit`.
    
    Current values:
    NotebookApp.iopub_data_rate_limit=1000000.0 (bytes/sec)
    NotebookApp.rate_limit_window=3.0 (secs)
    
[W 12:07:27.541 NotebookApp] iopub messages resumed
[W 12:07:28.398 NotebookApp] IOPub data rate exceeded.
    The notebook server will temporarily stop sending output
    to the client in order to avoid crashing it.
    To change this limit, set the config variable
    `--NotebookApp.iopub_data_rate_limit`.
    
    Current values:
    NotebookApp.iopub_data_rate_limit=1000000.0 (bytes/sec)
    NotebookApp.rate_limit_window=3.0 (secs)
    
[W 12:07:30.848 NotebookApp] iopub messages resumed
[W 12:07:31.746 NotebookApp] IOPub data rate exceeded.
    The notebook server will temporarily stop sending output
    to the client in order to avoid crashing it.
    To change this limit, set the config variable
    `--NotebookApp.iopub_data_rate_limit`.
    
    Current values:
    NotebookApp.iopub_data_rate_limit=1000000.0 (bytes/sec)
    NotebookApp.rate_limit_window=3.0 (secs)
    
[I 12:08:51.787 NotebookApp] Saving file at /dataloading.ipynb
[W 12:08:51.788 NotebookApp] Notebook dataloading.ipynb is not trusted
[I 12:12:12.349 NotebookApp] Saving file at /dataloading.ipynb
[W 12:12:12.350 NotebookApp] Notebook dataloading.ipynb is not trusted
[I 12:15:33.260 NotebookApp] Saving file at /dataloading.ipynb
[W 12:15:33.261 NotebookApp] Notebook dataloading.ipynb is not trusted
[I 12:25:34.684 NotebookApp] Starting buffering for 4242482d-fd26-4366-bed3-488e39b17ec8:d6d6a0eaf3bb48fda20aa49322c5a85f
[I 12:25:36.855 NotebookApp] Kernel shutdown: 4242482d-fd26-4366-bed3-488e39b17ec8
[W 15:06:42.388 NotebookApp] Notebook model_analysis.ipynb is not trusted
[I 15:06:43.195 NotebookApp] Kernel started: 6898573f-6a61-46e9-96ac-cd68ee944fde, name: python3
[IPKernelApp] ERROR | No such comm target registered: jupyter.widget.control
[IPKernelApp] WARNING | No such comm: 13201052-e38b-48f2-86de-27d5a93ed248
[I 15:08:43.255 NotebookApp] Saving file at /model_analysis.ipynb
[W 15:08:43.255 NotebookApp] Notebook model_analysis.ipynb is not trusted
[I 15:20:43.705 NotebookApp] Saving file at /model_analysis.ipynb
[W 15:20:43.720 NotebookApp] Notebook model_analysis.ipynb is not trusted
[I 15:22:44.405 NotebookApp] Saving file at /model_analysis.ipynb
[W 15:22:44.406 NotebookApp] Notebook model_analysis.ipynb is not trusted
[I 15:24:43.582 NotebookApp] Saving file at /model_analysis.ipynb
[W 15:24:43.583 NotebookApp] Notebook model_analysis.ipynb is not trusted
[I 15:26:45.063 NotebookApp] Saving file at /model_analysis.ipynb
[W 15:26:45.063 NotebookApp] Notebook model_analysis.ipynb is not trusted
[I 15:28:44.788 NotebookApp] Saving file at /model_analysis.ipynb
[W 15:28:44.789 NotebookApp] Notebook model_analysis.ipynb is not trusted
[I 15:34:43.346 NotebookApp] Saving file at /model_analysis.ipynb
[W 15:34:43.347 NotebookApp] Notebook model_analysis.ipynb is not trusted
[I 15:36:43.531 NotebookApp] Saving file at /model_analysis.ipynb
[W 15:36:43.610 NotebookApp] Notebook model_analysis.ipynb is not trusted
[I 15:44:44.737 NotebookApp] Saving file at /model_analysis.ipynb
[W 15:44:44.882 NotebookApp] Notebook model_analysis.ipynb is not trusted
[I 15:46:44.226 NotebookApp] Saving file at /model_analysis.ipynb
[W 15:46:44.227 NotebookApp] Notebook model_analysis.ipynb is not trusted
[I 15:52:43.214 NotebookApp] Saving file at /model_analysis.ipynb
[W 15:52:43.215 NotebookApp] Notebook model_analysis.ipynb is not trusted
[I 15:54:43.257 NotebookApp] Saving file at /model_analysis.ipynb
[W 15:54:43.258 NotebookApp] Notebook model_analysis.ipynb is not trusted
[I 15:56:43.398 NotebookApp] Saving file at /model_analysis.ipynb
[W 15:56:43.406 NotebookApp] Notebook model_analysis.ipynb is not trusted
[I 16:06:43.207 NotebookApp] Saving file at /model_analysis.ipynb
[W 16:06:43.216 NotebookApp] Notebook model_analysis.ipynb is not trusted
[I 16:23:48.008 NotebookApp] Kernel shutdown: 6898573f-6a61-46e9-96ac-cd68ee944fde
[I 16:23:48.143 NotebookApp] Starting buffering for 6898573f-6a61-46e9-96ac-cd68ee944fde:423f7012e530443583efb86800b66e44
[I 16:23:48.164 NotebookApp] Kernel shutdown: 6898573f-6a61-46e9-96ac-cd68ee944fde
[I 11:21:23.658 NotebookApp] 302 GET / (127.0.0.1) 0.830000ms
[W 11:21:33.440 NotebookApp] Notebook model_analysis.ipynb is not trusted
[I 11:21:33.953 NotebookApp] Kernel started: dbc38f7f-e74b-4dca-87ea-095bbccf47bf, name: python3
[IPKernelApp] ERROR | No such comm target registered: jupyter.widget.control
[IPKernelApp] WARNING | No such comm: 05ef97ae-1d37-42aa-b6ce-20baeec79a18
[I 11:23:33.781 NotebookApp] Saving file at /model_analysis.ipynb
[W 11:23:33.782 NotebookApp] Notebook model_analysis.ipynb is not trusted
[I 11:25:33.764 NotebookApp] Saving file at /model_analysis.ipynb
[W 11:25:33.765 NotebookApp] Notebook model_analysis.ipynb is not trusted
[I 11:27:33.763 NotebookApp] Saving file at /model_analysis.ipynb
[W 11:27:33.763 NotebookApp] Notebook model_analysis.ipynb is not trusted
[I 11:29:33.753 NotebookApp] Saving file at /model_analysis.ipynb
[W 11:29:33.754 NotebookApp] Notebook model_analysis.ipynb is not trusted
[I 11:31:33.742 NotebookApp] Saving file at /model_analysis.ipynb
[W 11:31:33.743 NotebookApp] Notebook model_analysis.ipynb is not trusted
[W 11:58:47.278 NotebookApp] WebSocket ping timeout after 119996 ms.
[I 11:58:52.281 NotebookApp] Starting buffering for dbc38f7f-e74b-4dca-87ea-095bbccf47bf:8eaeea857a4147cd8da43c408a18f747
[I 13:54:09.547 NotebookApp] 302 GET / (127.0.0.1) 0.840000ms
[W 13:54:13.586 NotebookApp] Notebook model_analysis.ipynb is not trusted
[W 14:00:54.715 NotebookApp] Notebook dataloading.ipynb is not trusted
[I 14:00:55.196 NotebookApp] Kernel started: 5a455cff-1fcb-4ee4-b0c4-0346c462a08f, name: python3
[IPKernelApp] ERROR | No such comm target registered: jupyter.widget.control
[IPKernelApp] WARNING | No such comm: aa3fbdbe-b503-4883-842c-e711ac419d36
[I 14:02:55.164 NotebookApp] Saving file at /dataloading.ipynb
[W 14:02:55.165 NotebookApp] Notebook dataloading.ipynb is not trusted
[I 14:04:55.176 NotebookApp] Saving file at /dataloading.ipynb
[W 14:04:55.177 NotebookApp] Notebook dataloading.ipynb is not trusted
[I 14:06:55.172 NotebookApp] Saving file at /dataloading.ipynb
[W 14:06:55.173 NotebookApp] Notebook dataloading.ipynb is not trusted
[I 14:08:55.159 NotebookApp] Saving file at /dataloading.ipynb
[W 14:08:55.160 NotebookApp] Notebook dataloading.ipynb is not trusted
[W 14:09:42.829 NotebookApp] IOPub data rate exceeded.
    The notebook server will temporarily stop sending output
    to the client in order to avoid crashing it.
    To change this limit, set the config variable
    `--NotebookApp.iopub_data_rate_limit`.
    
    Current values:
    NotebookApp.iopub_data_rate_limit=1000000.0 (bytes/sec)
    NotebookApp.rate_limit_window=3.0 (secs)
    
[W 14:09:55.792 NotebookApp] IOPub data rate exceeded.
    The notebook server will temporarily stop sending output
    to the client in order to avoid crashing it.
    To change this limit, set the config variable
    `--NotebookApp.iopub_data_rate_limit`.
    
    Current values:
    NotebookApp.iopub_data_rate_limit=1000000.0 (bytes/sec)
    NotebookApp.rate_limit_window=3.0 (secs)
    
[I 14:10:55.726 NotebookApp] Saving file at /dataloading.ipynb
[W 14:10:55.727 NotebookApp] Notebook dataloading.ipynb is not trusted
[I 14:12:56.059 NotebookApp] Saving file at /dataloading.ipynb
[W 14:12:56.059 NotebookApp] Notebook dataloading.ipynb is not trusted
[I 14:14:55.797 NotebookApp] Saving file at /dataloading.ipynb
[W 14:14:55.798 NotebookApp] Notebook dataloading.ipynb is not trusted
[I 14:16:14.776 NotebookApp] Saving file at /model_analysis.ipynb
[W 14:16:14.777 NotebookApp] Notebook model_analysis.ipynb is not trusted
[I 14:18:14.775 NotebookApp] Saving file at /model_analysis.ipynb
[W 14:18:14.776 NotebookApp] Notebook model_analysis.ipynb is not trusted
[I 14:20:13.989 NotebookApp] Saving file at /model_analysis.ipynb
[W 14:20:13.989 NotebookApp] Notebook model_analysis.ipynb is not trusted
[I 14:22:55.169 NotebookApp] Saving file at /dataloading.ipynb
[W 14:22:55.170 NotebookApp] Notebook dataloading.ipynb is not trusted
[I 14:34:55.168 NotebookApp] Saving file at /dataloading.ipynb
[W 14:34:55.168 NotebookApp] Notebook dataloading.ipynb is not trusted
[I 14:36:55.174 NotebookApp] Saving file at /dataloading.ipynb
[W 14:36:55.175 NotebookApp] Notebook dataloading.ipynb is not trusted
[I 14:40:13.969 NotebookApp] Saving file at /model_analysis.ipynb
[W 14:40:13.969 NotebookApp] Notebook model_analysis.ipynb is not trusted
[I 14:42:13.997 NotebookApp] Saving file at /model_analysis.ipynb
[W 14:42:13.997 NotebookApp] Notebook model_analysis.ipynb is not trusted
[I 15:28:13.983 NotebookApp] Saving file at /model_analysis.ipynb
[W 15:28:13.984 NotebookApp] Notebook model_analysis.ipynb is not trusted
[I 15:29:07.022 NotebookApp] Starting buffering for 5a455cff-1fcb-4ee4-b0c4-0346c462a08f:d588738f1845439f94a024a36b321ce4
[I 15:29:11.203 NotebookApp] Starting buffering for dbc38f7f-e74b-4dca-87ea-095bbccf47bf:181e9a258a4e4569856224e8cd4f4dfd
[I 20:59:33.084 NotebookApp] 302 GET / (127.0.0.1) 0.810000ms
[W 20:59:36.363 NotebookApp] Notebook model_analysis.ipynb is not trusted
[I 21:00:03.522 NotebookApp] Kernel interrupted: dbc38f7f-e74b-4dca-87ea-095bbccf47bf
[I 21:01:37.109 NotebookApp] Saving file at /model_analysis.ipynb
[W 21:01:37.110 NotebookApp] Notebook model_analysis.ipynb is not trusted
[I 21:05:37.126 NotebookApp] Saving file at /model_analysis.ipynb
[W 21:05:37.127 NotebookApp] Notebook model_analysis.ipynb is not trusted
[I 21:13:37.087 NotebookApp] Saving file at /model_analysis.ipynb
[W 21:13:37.087 NotebookApp] Notebook model_analysis.ipynb is not trusted
[I 21:17:37.188 NotebookApp] Saving file at /model_analysis.ipynb
[W 21:17:37.189 NotebookApp] Notebook model_analysis.ipynb is not trusted
[I 22:21:36.751 NotebookApp] Saving file at /model_analysis.ipynb
[W 22:21:36.751 NotebookApp] Notebook model_analysis.ipynb is not trusted
[I 22:23:37.065 NotebookApp] Saving file at /model_analysis.ipynb
[W 22:23:37.066 NotebookApp] Notebook model_analysis.ipynb is not trusted
[I 23:01:36.717 NotebookApp] Saving file at /model_analysis.ipynb
[W 23:01:36.718 NotebookApp] Notebook model_analysis.ipynb is not trusted
[I 23:03:36.728 NotebookApp] Saving file at /model_analysis.ipynb
[W 23:03:36.728 NotebookApp] Notebook model_analysis.ipynb is not trusted
[I 23:05:36.843 NotebookApp] Saving file at /model_analysis.ipynb
[W 23:05:36.843 NotebookApp] Notebook model_analysis.ipynb is not trusted
[I 23:05:59.886 NotebookApp] Starting buffering for dbc38f7f-e74b-4dca-87ea-095bbccf47bf:150dbd7b52034cd9b2af0e4b9db9b1f9
[W 16:27:19.089 NotebookApp] Clearing invalid/expired login cookie username-localhost-8888
[W 16:27:19.129 NotebookApp] Clearing invalid/expired login cookie username-localhost-8888
[I 16:27:19.130 NotebookApp] 302 GET /tree/performance_logs (127.0.0.1) 49.430000ms
[I 16:27:22.199 NotebookApp] 302 POST /login?next=%2Ftree%2Fperformance_logs (127.0.0.1) 104.910000ms
[W 16:27:22.286 NotebookApp] 404 GET /tree/performance_logs (127.0.0.1) 55.180000ms referer=http://localhost:8888/login?next=%2Ftree%2Fperformance_logs
[I 16:27:29.815 NotebookApp] 302 GET / (127.0.0.1) 0.840000ms
[W 16:27:37.057 NotebookApp] 404 GET /api/kernels/93d00bcf-b89c-44a3-8f8b-43655fe3c465/channels?session_id=552632a18b1e41e281ecfae959be4905 (127.0.0.1): Kernel does not exist: 93d00bcf-b89c-44a3-8f8b-43655fe3c465
[W 16:27:37.057 NotebookApp] 404 GET /api/kernels/93d00bcf-b89c-44a3-8f8b-43655fe3c465/channels?session_id=552632a18b1e41e281ecfae959be4905 (127.0.0.1) 1.780000ms referer=None
[W 16:27:38.282 NotebookApp] Notebook model_analysis.ipynb is not trusted
[W 16:28:41.112 NotebookApp] Replacing stale connection: 93d00bcf-b89c-44a3-8f8b-43655fe3c465:552632a18b1e41e281ecfae959be4905
[I 16:29:39.593 NotebookApp] Saving file at /model_analysis.ipynb
[W 16:29:39.593 NotebookApp] Notebook model_analysis.ipynb is not trusted
[I 16:31:44.134 NotebookApp] 302 GET /tree? (127.0.0.1) 0.980000ms
[I 16:43:39.658 NotebookApp] Saving file at /model_analysis.ipynb
[W 16:43:39.659 NotebookApp] Notebook model_analysis.ipynb is not trusted
[I 16:45:39.590 NotebookApp] Saving file at /model_analysis.ipynb
[W 16:45:39.591 NotebookApp] Notebook model_analysis.ipynb is not trusted
[I 17:07:44.395 NotebookApp] Starting buffering for dbc38f7f-e74b-4dca-87ea-095bbccf47bf:d08474ca8be04f3b966db3610a688765
[W 20:07:47.491 NotebookApp] Notebook model_analysis.ipynb is not trusted
[I 20:09:48.420 NotebookApp] Saving file at /model_analysis.ipynb
[W 20:09:48.421 NotebookApp] Notebook model_analysis.ipynb is not trusted
[I 20:11:49.433 NotebookApp] Saving file at /model_analysis.ipynb
[W 20:11:49.434 NotebookApp] Notebook model_analysis.ipynb is not trusted
[I 20:15:48.921 NotebookApp] Saving file at /model_analysis.ipynb
[W 20:15:48.922 NotebookApp] Notebook model_analysis.ipynb is not trusted
[I 20:35:48.366 NotebookApp] Saving file at /model_analysis.ipynb
[W 20:35:48.366 NotebookApp] Notebook model_analysis.ipynb is not trusted
[I 20:37:48.907 NotebookApp] Saving file at /model_analysis.ipynb
[W 20:37:48.908 NotebookApp] Notebook model_analysis.ipynb is not trusted
[I 20:39:48.366 NotebookApp] Saving file at /model_analysis.ipynb
[W 20:39:48.367 NotebookApp] Notebook model_analysis.ipynb is not trusted
[I 20:41:48.376 NotebookApp] Saving file at /model_analysis.ipynb
[W 20:41:48.376 NotebookApp] Notebook model_analysis.ipynb is not trusted
[I 20:43:48.919 NotebookApp] Saving file at /model_analysis.ipynb
[W 20:43:48.919 NotebookApp] Notebook model_analysis.ipynb is not trusted
[I 20:47:48.920 NotebookApp] Saving file at /model_analysis.ipynb
[W 20:47:48.921 NotebookApp] Notebook model_analysis.ipynb is not trusted
[I 20:49:48.357 NotebookApp] Saving file at /model_analysis.ipynb
[W 20:49:48.358 NotebookApp] Notebook model_analysis.ipynb is not trusted
[I 20:51:48.888 NotebookApp] Saving file at /model_analysis.ipynb
[W 20:51:48.889 NotebookApp] Notebook model_analysis.ipynb is not trusted
[W 20:58:48.415 NotebookApp] WebSocket ping timeout after 119995 ms.
[I 20:58:53.419 NotebookApp] Starting buffering for dbc38f7f-e74b-4dca-87ea-095bbccf47bf:3cdb631110f4497a83b0ea2dfb811155
[W 12:25:28.853 NotebookApp] Notebook model_analysis.ipynb is not trusted
[I 12:27:29.311 NotebookApp] Saving file at /model_analysis.ipynb
[W 12:27:29.312 NotebookApp] Notebook model_analysis.ipynb is not trusted
[I 12:31:29.303 NotebookApp] Saving file at /model_analysis.ipynb
[W 12:31:29.303 NotebookApp] Notebook model_analysis.ipynb is not trusted
[I 12:37:29.299 NotebookApp] Saving file at /model_analysis.ipynb
[W 12:37:29.300 NotebookApp] Notebook model_analysis.ipynb is not trusted
[W 13:56:59.334 NotebookApp] WebSocket ping timeout after 119995 ms.
[I 13:57:04.336 NotebookApp] Starting buffering for dbc38f7f-e74b-4dca-87ea-095bbccf47bf:d57556e3f9924b9a991bff60bcdfb28d
[I 10:07:40.213 NotebookApp] 302 GET / (127.0.0.1) 1.460000ms
[I 10:07:40.230 NotebookApp] 302 GET /tree? (127.0.0.1) 1.390000ms
[I 10:07:44.335 NotebookApp] 302 POST /login?next=%2Ftree%3F (127.0.0.1) 137.120000ms
[W 10:07:53.536 NotebookApp] Notebook model_analysis.ipynb is not trusted
[I 10:09:54.197 NotebookApp] Saving file at /model_analysis.ipynb
[W 10:09:54.198 NotebookApp] Notebook model_analysis.ipynb is not trusted
[I 10:10:13.119 NotebookApp] Starting buffering for dbc38f7f-e74b-4dca-87ea-095bbccf47bf:004a59c056a944adbcbcc577ccf7ab64
[I 10:10:16.775 NotebookApp] Kernel restarted: dbc38f7f-e74b-4dca-87ea-095bbccf47bf
[I 10:10:16.827 NotebookApp] Restoring connection for dbc38f7f-e74b-4dca-87ea-095bbccf47bf:004a59c056a944adbcbcc577ccf7ab64
[I 10:10:17.502 NotebookApp] Replaying 3 buffered messages
[I 10:11:54.204 NotebookApp] Saving file at /model_analysis.ipynb
[W 10:11:54.205 NotebookApp] Notebook model_analysis.ipynb is not trusted
[I 10:13:54.253 NotebookApp] Saving file at /model_analysis.ipynb
[W 10:13:54.254 NotebookApp] Notebook model_analysis.ipynb is not trusted
[I 10:15:55.319 NotebookApp] Saving file at /model_analysis.ipynb
[W 10:15:55.320 NotebookApp] Notebook model_analysis.ipynb is not trusted
[I 10:17:54.236 NotebookApp] Saving file at /model_analysis.ipynb
[W 10:17:54.237 NotebookApp] Notebook model_analysis.ipynb is not trusted
[I 10:19:54.726 NotebookApp] Saving file at /model_analysis.ipynb
[W 10:19:54.727 NotebookApp] Notebook model_analysis.ipynb is not trusted
/root/.local/share/jupyter/runtime
/root/.local/share/jupyter
/home/ansari/codes/spellchecker/bart/codes/.ipynb_checkpoints
/home/ansari/codes/spellchecker/bart/codes/.ipynb_checkpoints
/home/ansari/codes/spellchecker/bart/codes/.ipynb_checkpoints
/home/ansari/codes/spellchecker/bart/codes/.ipynb_checkpoints
/home/ansari/codes/spellchecker/bart/codes/.ipynb_checkpoints
/home/ansari/codes/spellchecker/bart/codes/.ipynb_checkpoints
/home/ansari/codes/spellchecker/bart/codes/.ipynb_checkpoints
/home/ansari/codes/spellchecker/bart/codes/.ipynb_checkpoints
/home/ansari/codes/spellchecker/bart/codes/.ipynb_checkpoints
/home/ansari/codes/spellchecker/bart/codes/.ipynb_checkpoints
/home/ansari/codes/spellchecker/bart/codes/.ipynb_checkpoints
/home/ansari/codes/spellchecker/bart/codes/.ipynb_checkpoints
/home/ansari/codes/spellchecker/bart/codes/.ipynb_checkpoints
/home/ansari/codes/spellchecker/bart/codes/.ipynb_checkpoints
/home/ansari/codes/spellchecker/bart/codes/.ipynb_checkpoints
/home/ansari/codes/spellchecker/bart/codes/.ipynb_checkpoints
/home/ansari/codes/spellchecker/bart/codes/.ipynb_checkpoints
/home/ansari/codes/spellchecker/bart/codes/.ipynb_checkpoints
/home/ansari/codes/spellchecker/bart/codes/.ipynb_checkpoints
/home/ansari/codes/spellchecker/bart/codes/.ipynb_checkpoints
/home/ansari/codes/spellchecker/bart/codes/.ipynb_checkpoints
/home/ansari/codes/spellchecker/bart/codes/.ipynb_checkpoints
/home/ansari/codes/spellchecker/bart/codes/.ipynb_checkpoints
/home/ansari/codes/spellchecker/bart/codes/.ipynb_checkpoints
/home/ansari/codes/spellchecker/bart/codes/.ipynb_checkpoints
/home/ansari/codes/spellchecker/bart/codes/.ipynb_checkpoints
/home/ansari/codes/spellchecker/bart/codes/.ipynb_checkpoints
/home/ansari/codes/spellchecker/bart/codes/.ipynb_checkpoints
/home/ansari/codes/spellchecker/bart/codes/.ipynb_checkpoints
/home/ansari/codes/spellchecker/bart/codes/.ipynb_checkpoints
/home/ansari/codes/spellchecker/bart/codes/.ipynb_checkpoints
/home/ansari/codes/spellchecker/bart/codes/.ipynb_checkpoints
/home/ansari/codes/spellchecker/bart/codes/.ipynb_checkpoints
/home/ansari/codes/spellchecker/bart/codes/.ipynb_checkpoints
/home/ansari/codes/spellchecker/bart/codes/.ipynb_checkpoints
/home/ansari/codes/spellchecker/bart/codes/.ipynb_checkpoints
/home/ansari/codes/spellchecker/bart/codes/.ipynb_checkpoints
/home/ansari/codes/spellchecker/bart/codes/.ipynb_checkpoints
/home/ansari/codes/spellchecker/bart/codes/.ipynb_checkpoints
/home/ansari/codes/spellchecker/bart/codes/.ipynb_checkpoints
/home/ansari/codes/spellchecker/bart/codes/.ipynb_checkpoints
/home/ansari/codes/spellchecker/bart/codes/.ipynb_checkpoints
/home/ansari/codes/spellchecker/bart/codes/.ipynb_checkpoints
/home/ansari/codes/spellchecker/bart/codes/.ipynb_checkpoints
/home/ansari/codes/spellchecker/bart/codes/.ipynb_checkpoints
/home/ansari/codes/spellchecker/bart/codes/.ipynb_checkpoints
/home/ansari/codes/spellchecker/bart/codes/.ipynb_checkpoints
/home/ansari/codes/spellchecker/bart/codes/.ipynb_checkpoints
/home/ansari/codes/spellchecker/bart/codes/.ipynb_checkpoints
/home/ansari/codes/spellchecker/bart/codes/.ipynb_checkpoints
/home/ansari/codes/spellchecker/bart/codes/.ipynb_checkpoints
/home/ansari/codes/spellchecker/bart/codes/.ipynb_checkpoints
/home/ansari/codes/spellchecker/bart/codes/.ipynb_checkpoints
/home/ansari/codes/spellchecker/bart/codes/.ipynb_checkpoints
/home/ansari/codes/spellchecker/bart/codes/.ipynb_checkpoints
/home/ansari/codes/spellchecker/bart/codes/.ipynb_checkpoints
/home/ansari/codes/spellchecker/bart/codes/.ipynb_checkpoints
/home/ansari/codes/spellchecker/bart/codes/.ipynb_checkpoints
/home/ansari/codes/spellchecker/bart/codes/.ipynb_checkpoints
/home/ansari/codes/spellchecker/bart/codes/.ipynb_checkpoints
/home/ansari/codes/spellchecker/bart/codes/.ipynb_checkpoints
/home/ansari/codes/spellchecker/bart/codes/.ipynb_checkpoints
/home/ansari/codes/spellchecker/bart/codes/.ipynb_checkpoints
/home/ansari/codes/spellchecker/bart/codes/.ipynb_checkpoints
/home/ansari/codes/spellchecker/bart/codes/.ipynb_checkpoints
/home/ansari/codes/spellchecker/bart/codes/.ipynb_checkpoints
/home/ansari/codes/spellchecker/bart/codes/.ipynb_checkpoints
/home/ansari/codes/spellchecker/bart/codes/.ipynb_checkpoints
/home/ansari/codes/spellchecker/bart/codes/.ipynb_checkpoints
/home/ansari/codes/spellchecker/bart/codes/.ipynb_checkpoints
/home/ansari/codes/spellchecker/bart/codes/.ipynb_checkpoints
/home/ansari/codes/spellchecker/bart/codes/.ipynb_checkpoints
/home/ansari/codes/spellchecker/bart/codes/.ipynb_checkpoints
/home/ansari/codes/spellchecker/bart/codes/.ipynb_checkpoints
/home/ansari/codes/spellchecker/bart/codes/.ipynb_checkpoints
/home/ansari/codes/spellchecker/bart/codes/.ipynb_checkpoints
/home/ansari/codes/spellchecker/bart/codes/.ipynb_checkpoints
/home/ansari/codes/spellchecker/bart/codes/.ipynb_checkpoints
/home/ansari/codes/spellchecker/bart/codes/.ipynb_checkpoints
/home/ansari/codes/spellchecker/bart/codes/.ipynb_checkpoints
/home/ansari/codes/spellchecker/bart/codes/.ipynb_checkpoints
/home/ansari/codes/spellchecker/bart/codes/.ipynb_checkpoints
/home/ansari/codes/spellchecker/bart/codes/.ipynb_checkpoints
/home/ansari/codes/spellchecker/bart/codes/.ipynb_checkpoints
/home/ansari/codes/spellchecker/bart/codes/.ipynb_checkpoints
/home/ansari/codes/spellchecker/bart/codes/.ipynb_checkpoints
/home/ansari/codes/spellchecker/bart/codes/.ipynb_checkpoints
/home/ansari/codes/spellchecker/bart/codes/.ipynb_checkpoints
/home/ansari/codes/spellchecker/bart/codes/.ipynb_checkpoints
/home/ansari/codes/spellchecker/bart/codes/.ipynb_checkpoints
/home/ansari/codes/spellchecker/bart/codes/.ipynb_checkpoints
/home/ansari/codes/spellchecker/bart/codes/.ipynb_checkpoints
/home/ansari/codes/spellchecker/bart/codes/.ipynb_checkpoints
/home/ansari/codes/spellchecker/bart/codes/.ipynb_checkpoints
/home/ansari/codes/spellchecker/bart/codes/.ipynb_checkpoints
/home/ansari/codes/spellchecker/bart/codes/.ipynb_checkpoints
/home/ansari/codes/spellchecker/bart/codes/.ipynb_checkpoints
/home/ansari/codes/spellchecker/bart/codes/.ipynb_checkpoints
/home/ansari/codes/spellchecker/bart/codes/.ipynb_checkpoints
/home/ansari/codes/spellchecker/bart/codes/.ipynb_checkpoints
/home/ansari/codes/spellchecker/bart/codes/.ipynb_checkpoints
/home/ansari/codes/spellchecker/bart/codes/.ipynb_checkpoints
/home/ansari/codes/spellchecker/bart/codes/.ipynb_checkpoints
/home/ansari/codes/spellchecker/bart/codes/.ipynb_checkpoints
/home/ansari/codes/spellchecker/bart/codes/.ipynb_checkpoints
/home/ansari/codes/spellchecker/bart/codes/.ipynb_checkpoints
/home/ansari/codes/spellchecker/bart/codes/.ipynb_checkpoints
/home/ansari/codes/spellchecker/bart/codes/.ipynb_checkpoints
/home/ansari/codes/spellchecker/bart/codes/.ipynb_checkpoints
/home/ansari/codes/spellchecker/bart/codes/.ipynb_checkpoints
/home/ansari/codes/spellchecker/bart/codes/.ipynb_checkpoints
/home/ansari/codes/spellchecker/bart/codes/.ipynb_checkpoints
/home/ansari/codes/spellchecker/bart/codes/.ipynb_checkpoints
/home/ansari/codes/spellchecker/bart/codes/.ipynb_checkpoints
/home/ansari/codes/spellchecker/bart/codes/.ipynb_checkpoints
/home/ansari/codes/spellchecker/bart/codes/.ipynb_checkpoints
/home/ansari/codes/spellchecker/bart/codes/.ipynb_checkpoints
/home/ansari/codes/spellchecker/bart/codes/.ipynb_checkpoints
/home/ansari/codes/spellchecker/bart/codes/.ipynb_checkpoints
/home/ansari/codes/spellchecker/bart/codes/.ipynb_checkpoints
/home/ansari/codes/spellchecker/bart/codes/.ipynb_checkpoints
/home/ansari/codes/spellchecker/bart/codes/.ipynb_checkpoints
/home/ansari/codes/spellchecker/bart/codes/.ipynb_checkpoints
/home/ansari/codes/spellchecker/bart/codes/.ipynb_checkpoints
/home/ansari/codes/spellchecker/bart/codes/.ipynb_checkpoints
/home/ansari/codes/spellchecker/bart/codes/.ipynb_checkpoints
/home/ansari/codes/spellchecker/bart/codes/.ipynb_checkpoints
/home/ansari/codes/spellchecker/bart/codes/.ipynb_checkpoints
/home/ansari/codes/spellchecker/bart/codes/.ipynb_checkpoints
/home/ansari/codes/spellchecker/bart/codes/.ipynb_checkpoints
/home/ansari/codes/spellchecker/bart/codes/.ipynb_checkpoints
/home/ansari/codes/spellchecker/bart/codes/.ipynb_checkpoints[I 10:57:54.334 NotebookApp] Saving file at /model_analysis.ipynb
[W 10:57:54.335 NotebookApp] Notebook model_analysis.ipynb is not trusted
[I 10:59:54.279 NotebookApp] Saving file at /model_analysis.ipynb
[W 10:59:54.280 NotebookApp] Notebook model_analysis.ipynb is not trusted
[I 11:01:54.757 NotebookApp] Saving file at /model_analysis.ipynb
[W 11:01:54.757 NotebookApp] Notebook model_analysis.ipynb is not trusted
